#
# There is insufficient memory for the Java Runtime Environment to continue.
# Native memory allocation (mmap) failed to map 6291456 bytes for G1 virtual space
# Possible reasons:
#   The system is out of physical RAM or swap space
#   The process is running with CompressedOops enabled, and the Java Heap may be blocking the growth of the native heap
# Possible solutions:
#   Reduce memory load on the system
#   Increase physical memory or swap space
#   Check if swap backing store is full
#   Decrease Java heap size (-Xmx/-Xms)
#   Decrease number of Java threads
#   Decrease Java thread stack sizes (-Xss)
#   Set larger code cache with -XX:ReservedCodeCacheSize=
#   JVM is running with Unscaled Compressed Oops mode in which the Java heap is
#     placed in the first 4GB address space. The Java Heap base address is the
#     maximum limit for the native heap growth. Please use -XX:HeapBaseMinAddress
#     to set the Java Heap base and to place the Java Heap above 4GB virtual address.
# This output file may be truncated or incomplete.
#
#  Out of Memory Error (os_windows.cpp:3550), pid=8272, tid=19060
#
# JRE version: Java(TM) SE Runtime Environment (17.0.7+8) (build 17.0.7+8-LTS-224)
# Java VM: Java HotSpot(TM) 64-Bit Server VM (17.0.7+8-LTS-224, mixed mode, emulated-client, sharing, tiered, compressed oops, compressed class ptrs, g1 gc, windows-amd64)
# No core dump will be written. Minidumps are not enabled by default on client versions of Windows
#

---------------  S U M M A R Y ------------

Command Line: -XX:TieredStopAtLevel=1 -Dspring.output.ansi.enabled=always -Dcom.sun.management.jmxremote -Dspring.jmx.enabled=true -Dspring.liveBeansView.mbeanDomain -Dspring.application.admin.enabled=true -Dmanagement.endpoints.jmx.exposure.include=* -javaagent:C:\Program Files\JetBrains\IntelliJ IDEA 2023.1.3\lib\idea_rt.jar=59565:C:\Program Files\JetBrains\IntelliJ IDEA 2023.1.3\bin -Dfile.encoding=UTF-8 com.hieuph.todosmanagement.TodosManagementApplication

Host: Intel(R) Core(TM) i7-8565U CPU @ 1.80GHz, 8 cores, 7G,  Windows 10 , 64 bit Build 19041 (10.0.19041.3155)
Time: Fri Oct 20 17:30:10 2023 SE Asia Standard Time elapsed time: 8.456806 seconds (0d 0h 0m 8s)

---------------  T H R E A D  ---------------

Current thread (0x0000019d177abd80):  VMThread "VM Thread" [stack: 0x0000003f18700000,0x0000003f18800000] [id=19060]

Stack: [0x0000003f18700000,0x0000003f18800000]
Native frames: (J=compiled Java code, j=interpreted, Vv=VM code, C=native code)
V  [jvm.dll+0x676a4a]
V  [jvm.dll+0x7d74f4]
V  [jvm.dll+0x7d8c9e]
V  [jvm.dll+0x7d9303]
V  [jvm.dll+0x2452c5]
V  [jvm.dll+0x6738f9]
V  [jvm.dll+0x668232]
V  [jvm.dll+0x302826]
V  [jvm.dll+0x309da6]
V  [jvm.dll+0x35952e]
V  [jvm.dll+0x35975f]
V  [jvm.dll+0x2d9a38]
V  [jvm.dll+0x2d7e45]
V  [jvm.dll+0x2d744c]
V  [jvm.dll+0x31ab1b]
V  [jvm.dll+0x7ddb0b]
V  [jvm.dll+0x7de844]
V  [jvm.dll+0x7ded5d]
V  [jvm.dll+0x7df134]
V  [jvm.dll+0x7df200]
V  [jvm.dll+0x78759a]
V  [jvm.dll+0x675875]
C  [ucrtbase.dll+0x21bb2]
C  [KERNEL32.DLL+0x17614]
C  [ntdll.dll+0x526b1]

VM_Operation (0x0000003f19efa080): G1CollectForAllocation, mode: safepoint, requested by thread 0x0000019d18d8e420


---------------  P R O C E S S  ---------------

Threads class SMR info:
_java_thread_list=0x0000019d1c3de830, length=24, elements={
0x0000019d058705c0, 0x0000019d177b1030, 0x0000019d177b1db0, 0x0000019d177c54d0,
0x0000019d177c71a0, 0x0000019d177ca210, 0x0000019d177cb270, 0x0000019d177cc2d0,
0x0000019d177ccbd0, 0x0000019d1847a840, 0x0000019d1847e550, 0x0000019d187fc480,
0x0000019d187fc950, 0x0000019d18a40940, 0x0000019d189e9210, 0x0000019d18d8e420,
0x0000019d19d73340, 0x0000019d19de73f0, 0x0000019d1bc57860, 0x0000019d1bc87450,
0x0000019d1a5d0fd0, 0x0000019d1c18a930, 0x0000019d1c18d480, 0x0000019d1c18bc70
}

Java Threads: ( => current thread )
  0x0000019d058705c0 JavaThread "main" [_thread_blocked, id=18208, stack(0x0000003f18100000,0x0000003f18200000)]
  0x0000019d177b1030 JavaThread "Reference Handler" daemon [_thread_blocked, id=8292, stack(0x0000003f18800000,0x0000003f18900000)]
  0x0000019d177b1db0 JavaThread "Finalizer" daemon [_thread_blocked, id=18744, stack(0x0000003f18900000,0x0000003f18a00000)]
  0x0000019d177c54d0 JavaThread "Signal Dispatcher" daemon [_thread_blocked, id=19344, stack(0x0000003f18a00000,0x0000003f18b00000)]
  0x0000019d177c71a0 JavaThread "Attach Listener" daemon [_thread_blocked, id=9852, stack(0x0000003f18b00000,0x0000003f18c00000)]
  0x0000019d177ca210 JavaThread "Service Thread" daemon [_thread_blocked, id=7388, stack(0x0000003f18c00000,0x0000003f18d00000)]
  0x0000019d177cb270 JavaThread "Monitor Deflation Thread" daemon [_thread_blocked, id=3180, stack(0x0000003f18d00000,0x0000003f18e00000)]
  0x0000019d177cc2d0 JavaThread "C1 CompilerThread0" daemon [_thread_blocked, id=6076, stack(0x0000003f18e00000,0x0000003f18f00000)]
  0x0000019d177ccbd0 JavaThread "Sweeper thread" daemon [_thread_blocked, id=2352, stack(0x0000003f18f00000,0x0000003f19000000)]
  0x0000019d1847a840 JavaThread "Common-Cleaner" daemon [_thread_blocked, id=1596, stack(0x0000003f19000000,0x0000003f19100000)]
  0x0000019d1847e550 JavaThread "C1 CompilerThread1" daemon [_thread_blocked, id=7944, stack(0x0000003f19100000,0x0000003f19200000)]
  0x0000019d187fc480 JavaThread "Monitor Ctrl-Break" daemon [_thread_in_native, id=19244, stack(0x0000003f19200000,0x0000003f19300000)]
  0x0000019d187fc950 JavaThread "Notification Thread" daemon [_thread_blocked, id=7208, stack(0x0000003f19300000,0x0000003f19400000)]
  0x0000019d18a40940 JavaThread "RMI TCP Accept-0" daemon [_thread_in_native, id=11448, stack(0x0000003f19400000,0x0000003f19500000)]
  0x0000019d189e9210 JavaThread "Thread-0" [_thread_blocked, id=19232, stack(0x0000003f19d00000,0x0000003f19e00000)]
  0x0000019d18d8e420 JavaThread "restartedMain" [_thread_blocked, id=11192, stack(0x0000003f19e00000,0x0000003f19f00000)]
  0x0000019d19d73340 JavaThread "C1 CompilerThread2" daemon [_thread_blocked, id=13212, stack(0x0000003f1a100000,0x0000003f1a200000)]
  0x0000019d19de73f0 JavaThread "C1 CompilerThread3" daemon [_thread_blocked, id=12404, stack(0x0000003f1a200000,0x0000003f1a300000)]
  0x0000019d1bc57860 JavaThread "PostgreSQL-JDBC-Cleaner" daemon [_thread_blocked, id=19960, stack(0x0000003f1a400000,0x0000003f1a500000)]
  0x0000019d1bc87450 JavaThread "HikariPool-1 housekeeper" daemon [_thread_blocked, id=16096, stack(0x0000003f1a500000,0x0000003f1a600000)]
  0x0000019d1a5d0fd0 JavaThread "HikariPool-1 connection adder" daemon [_thread_blocked, id=19116, stack(0x0000003f1a600000,0x0000003f1a700000)]
  0x0000019d1c18a930 JavaThread "Catalina-utility-1" [_thread_blocked, id=9044, stack(0x0000003f1a700000,0x0000003f1a800000)]
  0x0000019d1c18d480 JavaThread "Catalina-utility-2" [_thread_blocked, id=17232, stack(0x0000003f1a800000,0x0000003f1a900000)]
  0x0000019d1c18bc70 JavaThread "container-0" [_thread_blocked, id=9356, stack(0x0000003f1a900000,0x0000003f1aa00000)]

Other Threads:
=>0x0000019d177abd80 VMThread "VM Thread" [stack: 0x0000003f18700000,0x0000003f18800000] [id=19060]
  0x0000019d18a40e10 WatcherThread [stack: 0x0000003f19500000,0x0000003f19600000] [id=7920]
  0x0000019d058ca730 GCTaskThread "GC Thread#0" [stack: 0x0000003f18200000,0x0000003f18300000] [id=18476]
  0x0000019d18d4eec0 GCTaskThread "GC Thread#1" [stack: 0x0000003f19600000,0x0000003f19700000] [id=19912]
  0x0000019d18d65810 GCTaskThread "GC Thread#2" [stack: 0x0000003f19700000,0x0000003f19800000] [id=20784]
  0x0000019d18dbb6f0 GCTaskThread "GC Thread#3" [stack: 0x0000003f19800000,0x0000003f19900000] [id=17816]
  0x0000019d18dbbdb0 GCTaskThread "GC Thread#4" [stack: 0x0000003f19900000,0x0000003f19a00000] [id=10264]
  0x0000019d18dbc060 GCTaskThread "GC Thread#5" [stack: 0x0000003f19a00000,0x0000003f19b00000] [id=15616]
  0x0000019d18dbc310 GCTaskThread "GC Thread#6" [stack: 0x0000003f19b00000,0x0000003f19c00000] [id=17536]
  0x0000019d18f30190 GCTaskThread "GC Thread#7" [stack: 0x0000003f1a000000,0x0000003f1a100000] [id=11392]
  0x0000019d058dc1d0 ConcurrentGCThread "G1 Main Marker" [stack: 0x0000003f18300000,0x0000003f18400000] [id=9312]
  0x0000019d058ddb00 ConcurrentGCThread "G1 Conc#0" [stack: 0x0000003f18400000,0x0000003f18500000] [id=21064]
  0x0000019d19fb97e0 ConcurrentGCThread "G1 Conc#1" [stack: 0x0000003f19f00000,0x0000003f1a000000] [id=18980]
  0x0000019d05933980 ConcurrentGCThread "G1 Refine#0" [stack: 0x0000003f18500000,0x0000003f18600000] [id=12176]
  0x0000019d18cdf050 ConcurrentGCThread "G1 Refine#1" [stack: 0x0000003f19c00000,0x0000003f19d00000] [id=5736]
  0x0000019d059342b0 ConcurrentGCThread "G1 Service" [stack: 0x0000003f18600000,0x0000003f18700000] [id=21096]

Threads with active compile tasks:

VM state: at safepoint (normal execution)

VM Mutex/Monitor currently owned by a thread:  ([mutex/lock_event])
[0x0000019d058694a0] Threads_lock - owner thread: 0x0000019d177abd80
[0x0000019d05869fe0] Heap_lock - owner thread: 0x0000019d18d8e420

Heap address: 0x0000000081e00000, size: 2018 MB, Compressed Oops mode: 32-bit

CDS archive(s) mapped at: [0x0000000800000000-0x0000000800bd0000-0x0000000800bd0000), size 12386304, SharedBaseAddress: 0x0000000800000000, ArchiveRelocationMode: 0.
Compressed class space mapped at: 0x0000000800c00000-0x0000000840c00000, reserved size: 1073741824
Narrow klass base: 0x0000000800000000, Narrow klass shift: 0, Narrow klass range: 0x100000000

GC Precious Log:
 CPUs: 8 total, 8 available
 Memory: 8067M
 Large Page Support: Disabled
 NUMA Support: Disabled
 Compressed Oops: Enabled (32-bit)
 Heap Region Size: 1M
 Heap Min Capacity: 8M
 Heap Initial Capacity: 128M
 Heap Max Capacity: 2018M
 Pre-touch: Disabled
 Parallel Workers: 8
 Concurrent Workers: 2
 Concurrent Refinement Workers: 8
 Periodic GC: Disabled

Heap:
 garbage-first heap   total 131072K, used 32348K [0x0000000081e00000, 0x0000000100000000)
  region size 1024K, 5 young (5120K), 5 survivors (5120K)
 Metaspace       used 62958K, committed 63488K, reserved 1105920K
  class space    used 9477K, committed 9728K, reserved 1048576K

Heap Regions: E=young(eden), S=young(survivor), O=old, HS=humongous(starts), HC=humongous(continues), CS=collection set, F=free, OA=open archive, CA=closed archive, TAMS=top-at-mark-start (previous, next)
|   0|0x0000000081e00000, 0x0000000081f00000, 0x0000000081f00000|100%|HS|  |TAMS 0x0000000081f00000, 0x0000000081e00000| Complete 
|   1|0x0000000081f00000, 0x0000000082000000, 0x0000000082000000|100%| O|  |TAMS 0x0000000082000000, 0x0000000081f00000| Untracked 
|   2|0x0000000082000000, 0x0000000082100000, 0x0000000082100000|100%| O|  |TAMS 0x0000000082100000, 0x0000000082000000| Untracked 
|   3|0x0000000082100000, 0x0000000082200000, 0x0000000082200000|100%| O|  |TAMS 0x0000000082200000, 0x0000000082100000| Untracked 
|   4|0x0000000082200000, 0x0000000082300000, 0x0000000082300000|100%| O|  |TAMS 0x0000000082300000, 0x0000000082200000| Untracked 
|   5|0x0000000082300000, 0x0000000082400000, 0x0000000082400000|100%| O|  |TAMS 0x0000000082400000, 0x0000000082300000| Untracked 
|   6|0x0000000082400000, 0x0000000082500000, 0x0000000082500000|100%| O|  |TAMS 0x0000000082500000, 0x0000000082400000| Untracked 
|   7|0x0000000082500000, 0x0000000082600000, 0x0000000082600000|100%| O|  |TAMS 0x0000000082600000, 0x0000000082500000| Untracked 
|   8|0x0000000082600000, 0x0000000082700000, 0x0000000082700000|100%| O|  |TAMS 0x0000000082700000, 0x0000000082600000| Untracked 
|   9|0x0000000082700000, 0x0000000082800000, 0x0000000082800000|100%| O|  |TAMS 0x0000000082800000, 0x0000000082700000| Untracked 
|  10|0x0000000082800000, 0x0000000082900000, 0x0000000082900000|100%| O|  |TAMS 0x0000000082900000, 0x0000000082800000| Untracked 
|  11|0x0000000082900000, 0x0000000082a00000, 0x0000000082a00000|100%| O|  |TAMS 0x0000000082a00000, 0x0000000082900000| Untracked 
|  12|0x0000000082a00000, 0x0000000082b00000, 0x0000000082b00000|100%| O|  |TAMS 0x0000000082b00000, 0x0000000082a00000| Untracked 
|  13|0x0000000082b00000, 0x0000000082c00000, 0x0000000082c00000|100%| O|  |TAMS 0x0000000082c00000, 0x0000000082b00000| Untracked 
|  14|0x0000000082c00000, 0x0000000082d00000, 0x0000000082d00000|100%| O|  |TAMS 0x0000000082d00000, 0x0000000082c00000| Untracked 
|  15|0x0000000082d00000, 0x0000000082e00000, 0x0000000082e00000|100%| O|  |TAMS 0x0000000082da6600, 0x0000000082d00000| Untracked 
|  16|0x0000000082e00000, 0x0000000082f00000, 0x0000000082f00000|100%| O|  |TAMS 0x0000000082f00000, 0x0000000082e00000| Untracked 
|  17|0x0000000082f00000, 0x0000000083000000, 0x0000000083000000|100%| O|  |TAMS 0x0000000083000000, 0x0000000082f00000| Untracked 
|  18|0x0000000083000000, 0x0000000083100000, 0x0000000083100000|100%| O|  |TAMS 0x0000000083100000, 0x0000000083000000| Untracked 
|  19|0x0000000083100000, 0x0000000083200000, 0x0000000083200000|100%| O|  |TAMS 0x0000000083200000, 0x0000000083100000| Untracked 
|  20|0x0000000083200000, 0x0000000083300000, 0x0000000083300000|100%| O|  |TAMS 0x0000000083300000, 0x0000000083200000| Untracked 
|  21|0x0000000083300000, 0x0000000083400000, 0x0000000083400000|100%| O|  |TAMS 0x0000000083400000, 0x0000000083300000| Untracked 
|  22|0x0000000083400000, 0x0000000083500000, 0x0000000083500000|100%| O|  |TAMS 0x0000000083500000, 0x0000000083400000| Untracked 
|  23|0x0000000083500000, 0x0000000083600000, 0x0000000083600000|100%| O|  |TAMS 0x0000000083600000, 0x0000000083500000| Untracked 
|  24|0x0000000083600000, 0x0000000083700000, 0x0000000083700000|100%| O|  |TAMS 0x0000000083700000, 0x0000000083600000| Untracked 
|  25|0x0000000083700000, 0x0000000083800000, 0x0000000083800000|100%| O|  |TAMS 0x0000000083800000, 0x0000000083700000| Untracked 
|  26|0x0000000083800000, 0x0000000083900000, 0x0000000083900000|100%| O|  |TAMS 0x0000000083800000, 0x0000000083800000| Untracked 
|  27|0x0000000083900000, 0x000000008398a600, 0x0000000083a00000| 54%| O|  |TAMS 0x0000000083900000, 0x0000000083900000| Untracked 
|  28|0x0000000083a00000, 0x0000000083a00000, 0x0000000083b00000|  0%| F|  |TAMS 0x0000000083a00000, 0x0000000083a00000| Untracked 
|  29|0x0000000083b00000, 0x0000000083b00000, 0x0000000083c00000|  0%| F|  |TAMS 0x0000000083b00000, 0x0000000083b00000| Untracked 
|  30|0x0000000083c00000, 0x0000000083c00000, 0x0000000083d00000|  0%| F|  |TAMS 0x0000000083c00000, 0x0000000083c00000| Untracked 
|  31|0x0000000083d00000, 0x0000000083d00000, 0x0000000083e00000|  0%| F|  |TAMS 0x0000000083d00000, 0x0000000083d00000| Untracked 
|  32|0x0000000083e00000, 0x0000000083e00000, 0x0000000083f00000|  0%| F|  |TAMS 0x0000000083e00000, 0x0000000083e00000| Untracked 
|  33|0x0000000083f00000, 0x0000000083f00000, 0x0000000084000000|  0%| F|  |TAMS 0x0000000083f00000, 0x0000000083f00000| Untracked 
|  34|0x0000000084000000, 0x0000000084000000, 0x0000000084100000|  0%| F|  |TAMS 0x0000000084000000, 0x0000000084000000| Untracked 
|  35|0x0000000084100000, 0x0000000084100000, 0x0000000084200000|  0%| F|  |TAMS 0x0000000084100000, 0x0000000084100000| Untracked 
|  36|0x0000000084200000, 0x0000000084200000, 0x0000000084300000|  0%| F|  |TAMS 0x0000000084200000, 0x0000000084200000| Untracked 
|  37|0x0000000084300000, 0x000000008430caf0, 0x0000000084400000|  4%| S|CS|TAMS 0x0000000084300000, 0x0000000084300000| Complete 
|  38|0x0000000084400000, 0x0000000084500000, 0x0000000084500000|100%| S|CS|TAMS 0x0000000084400000, 0x0000000084400000| Complete 
|  39|0x0000000084500000, 0x0000000084600000, 0x0000000084600000|100%| S|CS|TAMS 0x0000000084500000, 0x0000000084500000| Complete 
|  40|0x0000000084600000, 0x0000000084700000, 0x0000000084700000|100%| S|CS|TAMS 0x0000000084600000, 0x0000000084600000| Complete 
|  41|0x0000000084700000, 0x0000000084800000, 0x0000000084800000|100%| S|CS|TAMS 0x0000000084700000, 0x0000000084700000| Complete 
|  42|0x0000000084800000, 0x0000000084800000, 0x0000000084900000|  0%| F|  |TAMS 0x0000000084800000, 0x0000000084800000| Untracked 
|  43|0x0000000084900000, 0x0000000084900000, 0x0000000084a00000|  0%| F|  |TAMS 0x0000000084900000, 0x0000000084900000| Untracked 
|  44|0x0000000084a00000, 0x0000000084a00000, 0x0000000084b00000|  0%| F|  |TAMS 0x0000000084a00000, 0x0000000084a00000| Untracked 
|  45|0x0000000084b00000, 0x0000000084b00000, 0x0000000084c00000|  0%| F|  |TAMS 0x0000000084b00000, 0x0000000084b00000| Untracked 
|  46|0x0000000084c00000, 0x0000000084c00000, 0x0000000084d00000|  0%| F|  |TAMS 0x0000000084c00000, 0x0000000084c00000| Untracked 
|  47|0x0000000084d00000, 0x0000000084d00000, 0x0000000084e00000|  0%| F|  |TAMS 0x0000000084d00000, 0x0000000084d00000| Untracked 
|  48|0x0000000084e00000, 0x0000000084e00000, 0x0000000084f00000|  0%| F|  |TAMS 0x0000000084e00000, 0x0000000084e00000| Untracked 
|  49|0x0000000084f00000, 0x0000000084f00000, 0x0000000085000000|  0%| F|  |TAMS 0x0000000084f00000, 0x0000000084f00000| Untracked 
|  50|0x0000000085000000, 0x0000000085000000, 0x0000000085100000|  0%| F|  |TAMS 0x0000000085000000, 0x0000000085000000| Untracked 
|  51|0x0000000085100000, 0x0000000085100000, 0x0000000085200000|  0%| F|  |TAMS 0x0000000085100000, 0x0000000085100000| Untracked 
|  52|0x0000000085200000, 0x0000000085200000, 0x0000000085300000|  0%| F|  |TAMS 0x0000000085200000, 0x0000000085200000| Untracked 
|  53|0x0000000085300000, 0x0000000085300000, 0x0000000085400000|  0%| F|  |TAMS 0x0000000085300000, 0x0000000085300000| Untracked 
|  54|0x0000000085400000, 0x0000000085400000, 0x0000000085500000|  0%| F|  |TAMS 0x0000000085400000, 0x0000000085400000| Untracked 
|  55|0x0000000085500000, 0x0000000085500000, 0x0000000085600000|  0%| F|  |TAMS 0x0000000085500000, 0x0000000085500000| Untracked 
|  56|0x0000000085600000, 0x0000000085600000, 0x0000000085700000|  0%| F|  |TAMS 0x0000000085600000, 0x0000000085600000| Untracked 
|  57|0x0000000085700000, 0x0000000085700000, 0x0000000085800000|  0%| F|  |TAMS 0x0000000085700000, 0x0000000085700000| Untracked 
|  58|0x0000000085800000, 0x0000000085800000, 0x0000000085900000|  0%| F|  |TAMS 0x0000000085800000, 0x0000000085800000| Untracked 
|  59|0x0000000085900000, 0x0000000085900000, 0x0000000085a00000|  0%| F|  |TAMS 0x0000000085900000, 0x0000000085900000| Untracked 
|  60|0x0000000085a00000, 0x0000000085a00000, 0x0000000085b00000|  0%| F|  |TAMS 0x0000000085a00000, 0x0000000085a00000| Untracked 
|  61|0x0000000085b00000, 0x0000000085b00000, 0x0000000085c00000|  0%| F|  |TAMS 0x0000000085b00000, 0x0000000085b00000| Untracked 
|  62|0x0000000085c00000, 0x0000000085c00000, 0x0000000085d00000|  0%| F|  |TAMS 0x0000000085c00000, 0x0000000085c00000| Untracked 
|  63|0x0000000085d00000, 0x0000000085d00000, 0x0000000085e00000|  0%| F|  |TAMS 0x0000000085d00000, 0x0000000085d00000| Untracked 
|  64|0x0000000085e00000, 0x0000000085e00000, 0x0000000085f00000|  0%| F|  |TAMS 0x0000000085e00000, 0x0000000085e00000| Untracked 
|  65|0x0000000085f00000, 0x0000000085f00000, 0x0000000086000000|  0%| F|  |TAMS 0x0000000085f00000, 0x0000000085f00000| Untracked 
|  66|0x0000000086000000, 0x0000000086000000, 0x0000000086100000|  0%| F|  |TAMS 0x0000000086000000, 0x0000000086000000| Untracked 
|  67|0x0000000086100000, 0x0000000086100000, 0x0000000086200000|  0%| F|  |TAMS 0x0000000086100000, 0x0000000086100000| Untracked 
|  68|0x0000000086200000, 0x0000000086200000, 0x0000000086300000|  0%| F|  |TAMS 0x0000000086200000, 0x0000000086200000| Untracked 
|  69|0x0000000086300000, 0x0000000086300000, 0x0000000086400000|  0%| F|  |TAMS 0x0000000086300000, 0x0000000086300000| Untracked 
|  70|0x0000000086400000, 0x0000000086400000, 0x0000000086500000|  0%| F|  |TAMS 0x0000000086400000, 0x0000000086400000| Untracked 
|  71|0x0000000086500000, 0x0000000086500000, 0x0000000086600000|  0%| F|  |TAMS 0x0000000086500000, 0x0000000086500000| Untracked 
|  72|0x0000000086600000, 0x0000000086600000, 0x0000000086700000|  0%| F|  |TAMS 0x0000000086600000, 0x0000000086600000| Untracked 
|  73|0x0000000086700000, 0x0000000086700000, 0x0000000086800000|  0%| F|  |TAMS 0x0000000086700000, 0x0000000086700000| Untracked 
|  74|0x0000000086800000, 0x0000000086800000, 0x0000000086900000|  0%| F|  |TAMS 0x0000000086800000, 0x0000000086800000| Untracked 
|  75|0x0000000086900000, 0x0000000086900000, 0x0000000086a00000|  0%| F|  |TAMS 0x0000000086900000, 0x0000000086900000| Untracked 
|  76|0x0000000086a00000, 0x0000000086a00000, 0x0000000086b00000|  0%| F|  |TAMS 0x0000000086a00000, 0x0000000086a00000| Untracked 
|  77|0x0000000086b00000, 0x0000000086b00000, 0x0000000086c00000|  0%| F|  |TAMS 0x0000000086b00000, 0x0000000086b00000| Untracked 
|  78|0x0000000086c00000, 0x0000000086c00000, 0x0000000086d00000|  0%| F|  |TAMS 0x0000000086c00000, 0x0000000086c00000| Untracked 
|  79|0x0000000086d00000, 0x0000000086d00000, 0x0000000086e00000|  0%| F|  |TAMS 0x0000000086d00000, 0x0000000086d00000| Untracked 
|  80|0x0000000086e00000, 0x0000000086e00000, 0x0000000086f00000|  0%| F|  |TAMS 0x0000000086e00000, 0x0000000086e00000| Untracked 
|  81|0x0000000086f00000, 0x0000000086f00000, 0x0000000087000000|  0%| F|  |TAMS 0x0000000086f00000, 0x0000000086f00000| Untracked 
|  82|0x0000000087000000, 0x0000000087000000, 0x0000000087100000|  0%| F|  |TAMS 0x0000000087000000, 0x0000000087000000| Untracked 
|  83|0x0000000087100000, 0x0000000087100000, 0x0000000087200000|  0%| F|  |TAMS 0x0000000087100000, 0x0000000087100000| Untracked 
|  84|0x0000000087200000, 0x0000000087200000, 0x0000000087300000|  0%| F|  |TAMS 0x0000000087200000, 0x0000000087200000| Untracked 
|  85|0x0000000087300000, 0x0000000087300000, 0x0000000087400000|  0%| F|  |TAMS 0x0000000087300000, 0x0000000087300000| Untracked 
|  86|0x0000000087400000, 0x0000000087400000, 0x0000000087500000|  0%| F|  |TAMS 0x0000000087400000, 0x0000000087400000| Untracked 
|  87|0x0000000087500000, 0x0000000087500000, 0x0000000087600000|  0%| F|  |TAMS 0x0000000087500000, 0x0000000087500000| Untracked 
|  88|0x0000000087600000, 0x0000000087600000, 0x0000000087700000|  0%| F|  |TAMS 0x0000000087600000, 0x0000000087600000| Untracked 
|  89|0x0000000087700000, 0x0000000087700000, 0x0000000087800000|  0%| F|  |TAMS 0x0000000087700000, 0x0000000087700000| Untracked 
|  90|0x0000000087800000, 0x0000000087800000, 0x0000000087900000|  0%| F|  |TAMS 0x0000000087800000, 0x0000000087800000| Untracked 
|  91|0x0000000087900000, 0x0000000087900000, 0x0000000087a00000|  0%| F|  |TAMS 0x0000000087900000, 0x0000000087900000| Untracked 
|  92|0x0000000087a00000, 0x0000000087a00000, 0x0000000087b00000|  0%| F|  |TAMS 0x0000000087a00000, 0x0000000087a00000| Untracked 
|  93|0x0000000087b00000, 0x0000000087b00000, 0x0000000087c00000|  0%| F|  |TAMS 0x0000000087b00000, 0x0000000087b00000| Untracked 
|  94|0x0000000087c00000, 0x0000000087c00000, 0x0000000087d00000|  0%| F|  |TAMS 0x0000000087c00000, 0x0000000087c00000| Untracked 
|  95|0x0000000087d00000, 0x0000000087d00000, 0x0000000087e00000|  0%| F|  |TAMS 0x0000000087d00000, 0x0000000087d00000| Untracked 
|  96|0x0000000087e00000, 0x0000000087e00000, 0x0000000087f00000|  0%| F|  |TAMS 0x0000000087e00000, 0x0000000087e00000| Untracked 
|  97|0x0000000087f00000, 0x0000000087f00000, 0x0000000088000000|  0%| F|  |TAMS 0x0000000087f00000, 0x0000000087f00000| Untracked 
|  98|0x0000000088000000, 0x0000000088000000, 0x0000000088100000|  0%| F|  |TAMS 0x0000000088000000, 0x0000000088000000| Untracked 
|  99|0x0000000088100000, 0x0000000088100000, 0x0000000088200000|  0%| F|  |TAMS 0x0000000088100000, 0x0000000088100000| Untracked 
| 100|0x0000000088200000, 0x0000000088200000, 0x0000000088300000|  0%| F|  |TAMS 0x0000000088200000, 0x0000000088200000| Untracked 
| 101|0x0000000088300000, 0x0000000088300000, 0x0000000088400000|  0%| F|  |TAMS 0x0000000088300000, 0x0000000088300000| Untracked 
| 102|0x0000000088400000, 0x0000000088400000, 0x0000000088500000|  0%| F|  |TAMS 0x0000000088400000, 0x0000000088400000| Untracked 
| 103|0x0000000088500000, 0x0000000088500000, 0x0000000088600000|  0%| F|  |TAMS 0x0000000088500000, 0x0000000088500000| Untracked 
| 104|0x0000000088600000, 0x0000000088600000, 0x0000000088700000|  0%| F|  |TAMS 0x0000000088600000, 0x0000000088600000| Untracked 
| 105|0x0000000088700000, 0x0000000088700000, 0x0000000088800000|  0%| F|  |TAMS 0x0000000088700000, 0x0000000088700000| Untracked 
| 106|0x0000000088800000, 0x0000000088800000, 0x0000000088900000|  0%| F|  |TAMS 0x0000000088800000, 0x0000000088800000| Untracked 
| 107|0x0000000088900000, 0x0000000088900000, 0x0000000088a00000|  0%| F|  |TAMS 0x0000000088900000, 0x0000000088900000| Untracked 
| 108|0x0000000088a00000, 0x0000000088a00000, 0x0000000088b00000|  0%| F|  |TAMS 0x0000000088a00000, 0x0000000088a00000| Untracked 
| 109|0x0000000088b00000, 0x0000000088b00000, 0x0000000088c00000|  0%| F|  |TAMS 0x0000000088b00000, 0x0000000088b00000| Untracked 
| 110|0x0000000088c00000, 0x0000000088c00000, 0x0000000088d00000|  0%| F|  |TAMS 0x0000000088c00000, 0x0000000088c00000| Untracked 
| 111|0x0000000088d00000, 0x0000000088d00000, 0x0000000088e00000|  0%| F|  |TAMS 0x0000000088d00000, 0x0000000088d00000| Untracked 
| 112|0x0000000088e00000, 0x0000000088e00000, 0x0000000088f00000|  0%| F|  |TAMS 0x0000000088e00000, 0x0000000088e00000| Untracked 
| 113|0x0000000088f00000, 0x0000000088f00000, 0x0000000089000000|  0%| F|  |TAMS 0x0000000088f00000, 0x0000000088f00000| Untracked 
| 114|0x0000000089000000, 0x0000000089000000, 0x0000000089100000|  0%| F|  |TAMS 0x0000000089000000, 0x0000000089000000| Untracked 
| 115|0x0000000089100000, 0x0000000089100000, 0x0000000089200000|  0%| F|  |TAMS 0x0000000089100000, 0x0000000089100000| Untracked 
| 116|0x0000000089200000, 0x0000000089200000, 0x0000000089300000|  0%| F|  |TAMS 0x0000000089200000, 0x0000000089200000| Untracked 
| 117|0x0000000089300000, 0x0000000089300000, 0x0000000089400000|  0%| F|  |TAMS 0x0000000089300000, 0x0000000089300000| Untracked 
| 118|0x0000000089400000, 0x0000000089400000, 0x0000000089500000|  0%| F|  |TAMS 0x0000000089400000, 0x0000000089400000| Untracked 
| 119|0x0000000089500000, 0x0000000089500000, 0x0000000089600000|  0%| F|  |TAMS 0x0000000089500000, 0x0000000089500000| Untracked 
| 120|0x0000000089600000, 0x0000000089600000, 0x0000000089700000|  0%| F|  |TAMS 0x0000000089600000, 0x0000000089600000| Untracked 
| 121|0x0000000089700000, 0x0000000089700000, 0x0000000089800000|  0%| F|  |TAMS 0x0000000089700000, 0x0000000089700000| Untracked 
| 122|0x0000000089800000, 0x0000000089800000, 0x0000000089900000|  0%| F|  |TAMS 0x0000000089800000, 0x0000000089800000| Untracked 
| 123|0x0000000089900000, 0x0000000089900000, 0x0000000089a00000|  0%| F|  |TAMS 0x0000000089900000, 0x0000000089900000| Untracked 
| 124|0x0000000089a00000, 0x0000000089a00000, 0x0000000089b00000|  0%| F|  |TAMS 0x0000000089a00000, 0x0000000089a00000| Untracked 
| 125|0x0000000089b00000, 0x0000000089b00000, 0x0000000089c00000|  0%| F|  |TAMS 0x0000000089b00000, 0x0000000089b00000| Untracked 
| 126|0x0000000089c00000, 0x0000000089c00000, 0x0000000089d00000|  0%| F|  |TAMS 0x0000000089c00000, 0x0000000089c00000| Untracked 
| 127|0x0000000089d00000, 0x0000000089d00000, 0x0000000089e00000|  0%| F|  |TAMS 0x0000000089d00000, 0x0000000089d00000| Untracked 

Card table byte_map: [0x0000019d10600000,0x0000019d10a00000] _byte_map_base: 0x0000019d101f1000

Marking Bits (Prev, Next): (CMBitMap*) 0x0000019d058cbca0, (CMBitMap*) 0x0000019d058cbc60
 Prev Bits: [0x0000019d12d90000, 0x0000019d14d18000)
 Next Bits: [0x0000019d10e00000, 0x0000019d12d88000)

Polling page: 0x0000019d05040000

Metaspace:

Usage:
  Non-class:     52.23 MB used.
      Class:      9.26 MB used.
       Both:     61.48 MB used.

Virtual space:
  Non-class space:       56.00 MB reserved,      52.50 MB ( 94%) committed,  7 nodes.
      Class space:        1.00 GB reserved,       9.50 MB ( <1%) committed,  1 nodes.
             Both:        1.05 GB reserved,      62.00 MB (  6%) committed. 

Chunk freelists:
   Non-Class:  3.33 MB
       Class:  2.34 MB
        Both:  5.67 MB

MaxMetaspaceSize: unlimited
CompressedClassSpaceSize: 1.00 GB
Initial GC threshold: 21.00 MB
Current GC threshold: 99.06 MB
CDS: on
MetaspaceReclaimPolicy: balanced
 - commit_granule_bytes: 65536.
 - commit_granule_words: 8192.
 - virtual_space_node_default_size: 1048576.
 - enlarge_chunks_in_place: 1.
 - new_chunks_are_fully_committed: 0.
 - uncommit_free_chunks: 1.
 - use_allocation_guard: 0.
 - handle_deallocations: 1.


Internal statistics:

num_allocs_failed_limit: 9.
num_arena_births: 750.
num_arena_deaths: 0.
num_vsnodes_births: 8.
num_vsnodes_deaths: 0.
num_space_committed: 992.
num_space_uncommitted: 0.
num_chunks_returned_to_freelist: 9.
num_chunks_taken_from_freelist: 3068.
num_chunk_merges: 9.
num_chunk_splits: 2258.
num_chunks_enlarged: 1770.
num_purges: 0.
num_inconsistent_stats: 0.

CodeCache: size=49152Kb used=12073Kb max_used=12073Kb free=37078Kb
 bounds [0x0000019d0d0f0000, 0x0000019d0dcc0000, 0x0000019d100f0000]
 total_blobs=6582 nmethods=5936 adapters=569
 compilation: enabled
              stopped_count=0, restarted_count=0
 full_count=0

Compilation events (20 events):
Event: 8.434 Thread 0x0000019d19de73f0 5927       1       org.antlr.v4.runtime.dfa.DFAState::hashCode (26 bytes)
Event: 8.434 Thread 0x0000019d19d73340 5928       1       org.antlr.v4.runtime.atn.ATNConfigSet::hashCode (39 bytes)
Event: 8.435 Thread 0x0000019d19de73f0 nmethod 5927 0x0000019d0dcb7510 code [0x0000019d0dcb76c0, 0x0000019d0dcb77e8]
Event: 8.435 Thread 0x0000019d177cc2d0 5929       1       org.antlr.v4.runtime.misc.FlexibleHashMap::size (5 bytes)
Event: 8.435 Thread 0x0000019d177cc2d0 nmethod 5929 0x0000019d0dcb7910 code [0x0000019d0dcb7aa0, 0x0000019d0dcb7b78]
Event: 8.435 Thread 0x0000019d19d73340 nmethod 5928 0x0000019d0dcb7c10 code [0x0000019d0dcb7de0, 0x0000019d0dcb80f8]
Event: 8.435 Thread 0x0000019d177cc2d0 5930       1       org.antlr.v4.runtime.atn.LexerATNSimulator::getExistingTargetState (30 bytes)
Event: 8.435 Thread 0x0000019d177cc2d0 nmethod 5930 0x0000019d0dcb8310 code [0x0000019d0dcb84a0, 0x0000019d0dcb85f8]
Event: 8.435 Thread 0x0000019d19d73340 5931       1       org.antlr.v4.runtime.misc.FlexibleHashMap::expand (151 bytes)
Event: 8.436 Thread 0x0000019d19d73340 nmethod 5931 0x0000019d0dcb8710 code [0x0000019d0dcb8920, 0x0000019d0dcb8e58]
Event: 8.439 Thread 0x0000019d19de73f0 5932       1       org.antlr.v4.runtime.atn.ActionTransition::getSerializationType (3 bytes)
Event: 8.439 Thread 0x0000019d19de73f0 nmethod 5932 0x0000019d0dcb9190 code [0x0000019d0dcb9320, 0x0000019d0dcb93f8]
Event: 8.442 Thread 0x0000019d1847e550 5933       1       org.antlr.v4.runtime.atn.PlusBlockStartState::getStateType (2 bytes)
Event: 8.442 Thread 0x0000019d1847e550 nmethod 5933 0x0000019d0dcb9490 code [0x0000019d0dcb9620, 0x0000019d0dcb96f8]
Event: 8.444 Thread 0x0000019d1847e550 5934       1       org.antlr.v4.runtime.dfa.DFA::isPrecedenceDfa (5 bytes)
Event: 8.444 Thread 0x0000019d1847e550 nmethod 5934 0x0000019d0dcb9790 code [0x0000019d0dcb9920, 0x0000019d0dcb99f8]
Event: 8.445 Thread 0x0000019d1847e550 5935       1       org.antlr.v4.runtime.atn.ATNConfigSet::optimizeConfigs (71 bytes)
Event: 8.446 Thread 0x0000019d1847e550 nmethod 5935 0x0000019d0dcb9a90 code [0x0000019d0dcb9c60, 0x0000019d0dcba028]
Event: 8.447 Thread 0x0000019d1847e550 5936       1       org.antlr.v4.runtime.atn.ParserATNSimulator::closure (44 bytes)
Event: 8.447 Thread 0x0000019d1847e550 nmethod 5936 0x0000019d0dcba290 code [0x0000019d0dcba420, 0x0000019d0dcba528]

GC Heap History (20 events):
Event: 4.456 GC heap after
{Heap after GC invocations=8 (full 0):
 garbage-first heap   total 51200K, used 17891K [0x0000000081e00000, 0x0000000100000000)
  region size 1024K, 3 young (3072K), 3 survivors (3072K)
 Metaspace       used 26649K, committed 27008K, reserved 1073152K
  class space    used 3777K, committed 3968K, reserved 1048576K
}
Event: 4.831 GC heap before
{Heap before GC invocations=8 (full 0):
 garbage-first heap   total 51200K, used 37347K [0x0000000081e00000, 0x0000000100000000)
  region size 1024K, 22 young (22528K), 3 survivors (3072K)
 Metaspace       used 29184K, committed 29504K, reserved 1081344K
  class space    used 4211K, committed 4352K, reserved 1048576K
}
Event: 4.835 GC heap after
{Heap after GC invocations=9 (full 0):
 garbage-first heap   total 51200K, used 19706K [0x0000000081e00000, 0x0000000100000000)
  region size 1024K, 3 young (3072K), 3 survivors (3072K)
 Metaspace       used 29184K, committed 29504K, reserved 1081344K
  class space    used 4211K, committed 4352K, reserved 1048576K
}
Event: 5.152 GC heap before
{Heap before GC invocations=9 (full 0):
 garbage-first heap   total 51200K, used 38138K [0x0000000081e00000, 0x0000000100000000)
  region size 1024K, 21 young (21504K), 3 survivors (3072K)
 Metaspace       used 31656K, committed 32128K, reserved 1081344K
  class space    used 4502K, committed 4736K, reserved 1048576K
}
Event: 5.157 GC heap after
{Heap after GC invocations=10 (full 0):
 garbage-first heap   total 76800K, used 21833K [0x0000000081e00000, 0x0000000100000000)
  region size 1024K, 2 young (2048K), 2 survivors (2048K)
 Metaspace       used 31656K, committed 32128K, reserved 1081344K
  class space    used 4502K, committed 4736K, reserved 1048576K
}
Event: 5.659 GC heap before
{Heap before GC invocations=10 (full 0):
 garbage-first heap   total 76800K, used 49481K [0x0000000081e00000, 0x0000000100000000)
  region size 1024K, 30 young (30720K), 2 survivors (2048K)
 Metaspace       used 35704K, committed 36096K, reserved 1081344K
  class space    used 5108K, committed 5312K, reserved 1048576K
}
Event: 5.663 GC heap after
{Heap after GC invocations=11 (full 0):
 garbage-first heap   total 76800K, used 23263K [0x0000000081e00000, 0x0000000100000000)
  region size 1024K, 4 young (4096K), 4 survivors (4096K)
 Metaspace       used 35704K, committed 36096K, reserved 1081344K
  class space    used 5108K, committed 5312K, reserved 1048576K
}
Event: 6.375 GC heap before
{Heap before GC invocations=12 (full 0):
 garbage-first heap   total 76800K, used 58079K [0x0000000081e00000, 0x0000000100000000)
  region size 1024K, 38 young (38912K), 4 survivors (4096K)
 Metaspace       used 43837K, committed 44352K, reserved 1089536K
  class space    used 6280K, committed 6528K, reserved 1048576K
}
Event: 6.380 GC heap after
{Heap after GC invocations=13 (full 0):
 garbage-first heap   total 76800K, used 25526K [0x0000000081e00000, 0x0000000100000000)
  region size 1024K, 4 young (4096K), 4 survivors (4096K)
 Metaspace       used 43837K, committed 44352K, reserved 1089536K
  class space    used 6280K, committed 6528K, reserved 1048576K
}
Event: 6.397 GC heap before
{Heap before GC invocations=13 (full 0):
 garbage-first heap   total 76800K, used 26550K [0x0000000081e00000, 0x0000000100000000)
  region size 1024K, 5 young (5120K), 4 survivors (4096K)
 Metaspace       used 44001K, committed 44480K, reserved 1089536K
  class space    used 6308K, committed 6528K, reserved 1048576K
}
Event: 6.403 GC heap after
{Heap after GC invocations=14 (full 0):
 garbage-first heap   total 76800K, used 25528K [0x0000000081e00000, 0x0000000100000000)
  region size 1024K, 1 young (1024K), 1 survivors (1024K)
 Metaspace       used 44001K, committed 44480K, reserved 1089536K
  class space    used 6308K, committed 6528K, reserved 1048576K
}
Event: 7.057 GC heap before
{Heap before GC invocations=14 (full 0):
 garbage-first heap   total 76800K, used 59320K [0x0000000081e00000, 0x0000000100000000)
  region size 1024K, 34 young (34816K), 1 survivors (1024K)
 Metaspace       used 51755K, committed 52224K, reserved 1097728K
  class space    used 7568K, committed 7808K, reserved 1048576K
}
Event: 7.059 GC heap after
{Heap after GC invocations=15 (full 0):
 garbage-first heap   total 76800K, used 26372K [0x0000000081e00000, 0x0000000100000000)
  region size 1024K, 2 young (2048K), 2 survivors (2048K)
 Metaspace       used 51755K, committed 52224K, reserved 1097728K
  class space    used 7568K, committed 7808K, reserved 1048576K
}
Event: 7.732 GC heap before
{Heap before GC invocations=15 (full 0):
 garbage-first heap   total 76800K, used 60164K [0x0000000081e00000, 0x0000000100000000)
  region size 1024K, 35 young (35840K), 2 survivors (2048K)
 Metaspace       used 57711K, committed 58240K, reserved 1105920K
  class space    used 8433K, committed 8704K, reserved 1048576K
}
Event: 7.736 GC heap after
{Heap after GC invocations=16 (full 0):
 garbage-first heap   total 76800K, used 28301K [0x0000000081e00000, 0x0000000100000000)
  region size 1024K, 4 young (4096K), 4 survivors (4096K)
 Metaspace       used 57711K, committed 58240K, reserved 1105920K
  class space    used 8433K, committed 8704K, reserved 1048576K
}
Event: 8.014 GC heap before
{Heap before GC invocations=16 (full 0):
 garbage-first heap   total 76800K, used 60045K [0x0000000081e00000, 0x0000000100000000)
  region size 1024K, 35 young (35840K), 4 survivors (4096K)
 Metaspace       used 59457K, committed 60032K, reserved 1105920K
  class space    used 8705K, committed 8960K, reserved 1048576K
}
Event: 8.018 GC heap after
{Heap after GC invocations=17 (full 0):
 garbage-first heap   total 76800K, used 29776K [0x0000000081e00000, 0x0000000100000000)
  region size 1024K, 4 young (4096K), 4 survivors (4096K)
 Metaspace       used 59457K, committed 60032K, reserved 1105920K
  class space    used 8705K, committed 8960K, reserved 1048576K
}
Event: 8.105 GC heap before
{Heap before GC invocations=17 (full 0):
 garbage-first heap   total 76800K, used 40016K [0x0000000081e00000, 0x0000000100000000)
  region size 1024K, 15 young (15360K), 4 survivors (4096K)
 Metaspace       used 60130K, committed 60608K, reserved 1105920K
  class space    used 8803K, committed 9024K, reserved 1048576K
}
Event: 8.109 GC heap after
{Heap after GC invocations=18 (full 0):
 garbage-first heap   total 76800K, used 30249K [0x0000000081e00000, 0x0000000100000000)
  region size 1024K, 2 young (2048K), 2 survivors (2048K)
 Metaspace       used 60130K, committed 60608K, reserved 1105920K
  class space    used 8803K, committed 9024K, reserved 1048576K
}
Event: 8.448 GC heap before
{Heap before GC invocations=19 (full 0):
 garbage-first heap   total 76800K, used 60969K [0x0000000081e00000, 0x0000000100000000)
  region size 1024K, 33 young (33792K), 2 survivors (2048K)
 Metaspace       used 62958K, committed 63488K, reserved 1105920K
  class space    used 9477K, committed 9728K, reserved 1048576K
}

Deoptimization events (14 events):
Event: 2.702 Thread 0x0000019d18d8e420 DEOPT PACKING pc=0x0000019d0d55f399 sp=0x0000003f19efcd20
Event: 2.702 Thread 0x0000019d18d8e420 DEOPT UNPACKING pc=0x0000019d0d142b43 sp=0x0000003f19efc200 mode 3
Event: 4.975 Thread 0x0000019d18d8e420 DEOPT PACKING pc=0x0000019d0d9d3d9d sp=0x0000003f19efcdc0
Event: 4.975 Thread 0x0000019d18d8e420 DEOPT UNPACKING pc=0x0000019d0d142b43 sp=0x0000003f19efc328 mode 3
Event: 6.080 Thread 0x0000019d18d8e420 DEOPT PACKING pc=0x0000019d0d56c681 sp=0x0000003f19ef9800
Event: 6.080 Thread 0x0000019d18d8e420 DEOPT UNPACKING pc=0x0000019d0d142b43 sp=0x0000003f19ef8c90 mode 3
Event: 6.080 Thread 0x0000019d1bc87450 DEOPT PACKING pc=0x0000019d0d51aa97 sp=0x0000003f1a5ff0d0
Event: 6.080 Thread 0x0000019d1bc87450 DEOPT UNPACKING pc=0x0000019d0d142b43 sp=0x0000003f1a5fe528 mode 3
Event: 7.564 Thread 0x0000019d18d8e420 DEOPT PACKING pc=0x0000019d0d5ddb22 sp=0x0000003f19efa710
Event: 7.564 Thread 0x0000019d18d8e420 DEOPT UNPACKING pc=0x0000019d0d142b43 sp=0x0000003f19ef9c18 mode 3
Event: 7.686 Thread 0x0000019d18d8e420 DEOPT PACKING pc=0x0000019d0d5884a4 sp=0x0000003f19efad10
Event: 7.686 Thread 0x0000019d18d8e420 DEOPT UNPACKING pc=0x0000019d0d142b43 sp=0x0000003f19efa268 mode 0
Event: 8.124 Thread 0x0000019d18d8e420 DEOPT PACKING pc=0x0000019d0d965119 sp=0x0000003f19efd2e0
Event: 8.124 Thread 0x0000019d18d8e420 DEOPT UNPACKING pc=0x0000019d0d142b43 sp=0x0000003f19efc7c0 mode 3

Classes unloaded (0 events):
No events

Classes redefined (0 events):
No events

Internal exceptions (20 events):
Event: 7.563 Thread 0x0000019d18d8e420 Exception <a 'java/lang/IncompatibleClassChangeError'{0x000000008523a9d8}: Found class java.lang.Object, but interface was expected> (0x000000008523a9d8) 
thrown [s\open\src\hotspot\share\interpreter\linkResolver.cpp, line 826]
Event: 7.573 Thread 0x0000019d18d8e420 Exception <a 'java/lang/IncompatibleClassChangeError'{0x00000000852c9f08}: Found class java.lang.Object, but interface was expected> (0x00000000852c9f08) 
thrown [s\open\src\hotspot\share\interpreter\linkResolver.cpp, line 826]
Event: 7.607 Thread 0x0000019d18d8e420 Exception <a 'java/lang/IncompatibleClassChangeError'{0x0000000085091018}: Found class java.lang.Object, but interface was expected> (0x0000000085091018) 
thrown [s\open\src\hotspot\share\interpreter\linkResolver.cpp, line 826]
Event: 7.722 Thread 0x0000019d18d8e420 Exception <a 'java/lang/IncompatibleClassChangeError'{0x00000000849c7ec8}: Found class java.lang.Object, but interface was expected> (0x00000000849c7ec8) 
thrown [s\open\src\hotspot\share\interpreter\linkResolver.cpp, line 826]
Event: 7.788 Thread 0x0000019d18d8e420 Exception <a 'java/lang/reflect/InvocationTargetException'{0x000000008601f418}> (0x000000008601f418) 
thrown [s\open\src\hotspot\share\runtime\reflection.cpp, line 1121]
Event: 7.798 Thread 0x0000019d18d8e420 Exception <a 'java/lang/NoSuchMethodError'{0x0000000086085168}: 'int java.lang.invoke.DirectMethodHandle$Holder.invokeStatic(java.lang.Object, java.lang.Object, int)'> (0x0000000086085168) 
thrown [s\open\src\hotspot\share\interpreter\linkResolver.cpp, line 759]
Event: 7.799 Thread 0x0000019d18d8e420 Exception <a 'java/lang/NoSuchMethodError'{0x00000000860a3138}: 'java.lang.Object java.lang.invoke.DirectMethodHandle$Holder.newInvokeSpecial(java.lang.Object, java.lang.Object, int)'> (0x00000000860a3138) 
thrown [s\open\src\hotspot\share\interpreter\linkResolver.cpp, line 759]
Event: 7.803 Thread 0x0000019d18d8e420 Exception <a 'java/lang/NoSuchMethodError'{0x00000000860c5c60}: 'java.lang.Object java.lang.invoke.Invokers$Holder.invoke_MT(java.lang.Object, java.lang.Object, java.lang.Object, java.lang.Object, java.lang.Object, java.lang.Object, java.lang.Object, java.lang.Object, java.lang.Object)'> (0x00000000860c5c60) 
thrown [s\open\src\hotspot\share\interpreter\linkResolver.cpp, line 759]
Event: 7.805 Thread 0x0000019d18d8e420 Exception <a 'java/lang/IncompatibleClassChangeError'{0x00000000860ef1d0}: Found class java.lang.Object, but interface was expected> (0x00000000860ef1d0) 
thrown [s\open\src\hotspot\share\interpreter\linkResolver.cpp, line 826]
Event: 7.842 Thread 0x0000019d18d8e420 Exception <a 'java/lang/NoSuchMethodError'{0x0000000085e898e0}: 'java.lang.Object java.lang.invoke.DirectMethodHandle$Holder.invokeStatic(java.lang.Object, int, java.lang.Object)'> (0x0000000085e898e0) 
thrown [s\open\src\hotspot\share\interpreter\linkResolver.cpp, line 759]
Event: 7.846 Thread 0x0000019d18d8e420 Exception <a 'java/lang/reflect/InvocationTargetException'{0x0000000085ec1ac8}> (0x0000000085ec1ac8) 
thrown [s\open\src\hotspot\share\runtime\reflection.cpp, line 1121]
Event: 7.910 Thread 0x0000019d18d8e420 Exception <a 'java/lang/NoSuchMethodError'{0x0000000085ad7b58}: 'long java.lang.invoke.DirectMethodHandle$Holder.invokeVirtual(java.lang.Object, java.lang.Object)'> (0x0000000085ad7b58) 
thrown [s\open\src\hotspot\share\interpreter\linkResolver.cpp, line 759]
Event: 7.913 Thread 0x0000019d18d8e420 Exception <a 'java/io/FileNotFoundException'{0x0000000085909928}> (0x0000000085909928) 
thrown [s\open\src\hotspot\share\prims\jni.cpp, line 516]
Event: 7.958 Thread 0x0000019d18d8e420 Exception <a 'java/lang/reflect/InvocationTargetException'{0x00000000852faea0}> (0x00000000852faea0) 
thrown [s\open\src\hotspot\share\runtime\reflection.cpp, line 1121]
Event: 7.963 Thread 0x0000019d18d8e420 Exception <a 'java/lang/reflect/InvocationTargetException'{0x000000008511a978}> (0x000000008511a978) 
thrown [s\open\src\hotspot\share\runtime\reflection.cpp, line 1121]
Event: 7.987 Thread 0x0000019d18d8e420 Exception <a 'java/lang/reflect/InvocationTargetException'{0x0000000084cf2d30}> (0x0000000084cf2d30) 
thrown [s\open\src\hotspot\share\runtime\reflection.cpp, line 1121]
Event: 8.051 Thread 0x0000019d18d8e420 Exception <a 'java/io/FileNotFoundException'{0x00000000867fca20}> (0x00000000867fca20) 
thrown [s\open\src\hotspot\share\prims\jni.cpp, line 516]
Event: 8.052 Thread 0x0000019d18d8e420 Exception <a 'java/io/FileNotFoundException'{0x00000000866082e8}> (0x00000000866082e8) 
thrown [s\open\src\hotspot\share\prims\jni.cpp, line 516]
Event: 8.075 Thread 0x0000019d18d8e420 Exception <a 'java/lang/reflect/InvocationTargetException'{0x00000000861c6138}> (0x00000000861c6138) 
thrown [s\open\src\hotspot\share\runtime\reflection.cpp, line 1121]
Event: 8.325 Thread 0x0000019d18d8e420 Exception <a 'java/lang/reflect/InvocationTargetException'{0x00000000853839a8}> (0x00000000853839a8) 
thrown [s\open\src\hotspot\share\runtime\reflection.cpp, line 1121]

VM Operations (20 events):
Event: 7.915 Executing VM operation: HandshakeAllThreads done
Event: 8.014 Executing VM operation: G1CollectForAllocation
Event: 8.018 Executing VM operation: G1CollectForAllocation done
Event: 8.100 Executing VM operation: HandshakeAllThreads
Event: 8.100 Executing VM operation: HandshakeAllThreads done
Event: 8.105 Executing VM operation: CollectForMetadataAllocation
Event: 8.109 Executing VM operation: CollectForMetadataAllocation done
Event: 8.118 Executing VM operation: HandshakeAllThreads
Event: 8.118 Executing VM operation: HandshakeAllThreads done
Event: 8.133 Executing VM operation: G1Concurrent
Event: 8.138 Executing VM operation: G1Concurrent done
Event: 8.149 Executing VM operation: G1Concurrent
Event: 8.149 Executing VM operation: G1Concurrent done
Event: 8.199 Executing VM operation: HandshakeAllThreads
Event: 8.199 Executing VM operation: HandshakeAllThreads done
Event: 8.202 Executing VM operation: HandshakeAllThreads
Event: 8.202 Executing VM operation: HandshakeAllThreads done
Event: 8.295 Executing VM operation: HandshakeAllThreads
Event: 8.295 Executing VM operation: HandshakeAllThreads done
Event: 8.448 Executing VM operation: G1CollectForAllocation

Events (20 events):
Event: 8.030 loading class java/nio/StringCharBuffer
Event: 8.032 loading class java/nio/StringCharBuffer done
Event: 8.051 loading class java/io/FileReader
Event: 8.051 loading class java/io/FileReader done
Event: 8.053 loading class sun/nio/cs/ISO_8859_1$Decoder
Event: 8.054 loading class sun/nio/cs/ISO_8859_1$Decoder done
Event: 8.122 loading class java/lang/invoke/MethodHandleImpl$CountingWrapper$1
Event: 8.122 loading class java/lang/invoke/MethodHandleImpl$CountingWrapper$1 done
Event: 8.133 loading class sun/reflect/ReflectionFactory
Event: 8.133 loading class sun/reflect/ReflectionFactory done
Event: 8.133 loading class sun/reflect/ReflectionFactory$1
Event: 8.133 loading class sun/reflect/ReflectionFactory$1 done
Event: 8.133 loading class java/io/OptionalDataException
Event: 8.133 loading class java/io/OptionalDataException done
Event: 8.186 loading class java/util/EmptyStackException
Event: 8.186 loading class java/util/EmptyStackException done
Event: 8.191 loading class java/io/InvalidClassException
Event: 8.191 loading class java/io/InvalidClassException done
Event: 8.198 loading class java/util/ArrayList$ListItr
Event: 8.198 loading class java/util/ArrayList$ListItr done


Dynamic libraries:
0x00007ff730910000 - 0x00007ff730920000 	C:\Program Files\Java\jdk-17\bin\java.exe
0x00007ffbaf710000 - 0x00007ffbaf908000 	C:\WINDOWS\SYSTEM32\ntdll.dll
0x00007ffbaf250000 - 0x00007ffbaf30f000 	C:\WINDOWS\System32\KERNEL32.DLL
0x00007ffbacfd0000 - 0x00007ffbad2c6000 	C:\WINDOWS\System32\KERNELBASE.dll
0x00007ffbad300000 - 0x00007ffbad400000 	C:\WINDOWS\System32\ucrtbase.dll
0x00007ffb97900000 - 0x00007ffb97919000 	C:\Program Files\Java\jdk-17\bin\jli.dll
0x00007ffb95fe0000 - 0x00007ffb95ffb000 	C:\Program Files\Java\jdk-17\bin\VCRUNTIME140.dll
0x00007ffbadc90000 - 0x00007ffbadd3f000 	C:\WINDOWS\System32\ADVAPI32.dll
0x00007ffbadbc0000 - 0x00007ffbadc5e000 	C:\WINDOWS\System32\msvcrt.dll
0x00007ffbadb20000 - 0x00007ffbadbbc000 	C:\WINDOWS\System32\sechost.dll
0x00007ffbae2d0000 - 0x00007ffbae3f6000 	C:\WINDOWS\System32\RPCRT4.dll
0x00007ffbad770000 - 0x00007ffbad90d000 	C:\WINDOWS\System32\USER32.dll
0x00007ffb900e0000 - 0x00007ffb9037a000 	C:\WINDOWS\WinSxS\amd64_microsoft.windows.common-controls_6595b64144ccf1df_6.0.19041.1110_none_60b5254171f9507e\COMCTL32.dll
0x00007ffbad2d0000 - 0x00007ffbad2f2000 	C:\WINDOWS\System32\win32u.dll
0x00007ffbadc60000 - 0x00007ffbadc8c000 	C:\WINDOWS\System32\GDI32.dll
0x00007ffbad4c0000 - 0x00007ffbad5d5000 	C:\WINDOWS\System32\gdi32full.dll
0x00007ffbace80000 - 0x00007ffbacf1d000 	C:\WINDOWS\System32\msvcp_win.dll
0x00007ffba1950000 - 0x00007ffba195a000 	C:\WINDOWS\SYSTEM32\VERSION.dll
0x00007ffbaec80000 - 0x00007ffbaecb0000 	C:\WINDOWS\System32\IMM32.DLL
0x00007ffba88c0000 - 0x00007ffba88cc000 	C:\Program Files\Java\jdk-17\bin\vcruntime140_1.dll
0x00007ffb89a90000 - 0x00007ffb89b1e000 	C:\Program Files\Java\jdk-17\bin\msvcp140.dll
0x00007ffb64a20000 - 0x00007ffb655fd000 	C:\Program Files\Java\jdk-17\bin\server\jvm.dll
0x00007ffbaf0f0000 - 0x00007ffbaf0f8000 	C:\WINDOWS\System32\PSAPI.DLL
0x00007ffb26580000 - 0x00007ffb26589000 	C:\WINDOWS\SYSTEM32\WSOCK32.dll
0x00007ffb97530000 - 0x00007ffb97557000 	C:\WINDOWS\SYSTEM32\WINMM.dll
0x00007ffbaecb0000 - 0x00007ffbaed1b000 	C:\WINDOWS\System32\WS2_32.dll
0x00007ffbaac50000 - 0x00007ffbaac62000 	C:\WINDOWS\SYSTEM32\kernel.appcore.dll
0x00007ffba7e60000 - 0x00007ffba7e6a000 	C:\Program Files\Java\jdk-17\bin\jimage.dll
0x00007ffba4500000 - 0x00007ffba46e4000 	C:\WINDOWS\SYSTEM32\DBGHELP.DLL
0x00007ffb96840000 - 0x00007ffb96874000 	C:\WINDOWS\SYSTEM32\dbgcore.DLL
0x00007ffbacdf0000 - 0x00007ffbace72000 	C:\WINDOWS\System32\bcryptPrimitives.dll
0x00007ffb95980000 - 0x00007ffb9598e000 	C:\Program Files\Java\jdk-17\bin\instrument.dll
0x00007ffb945d0000 - 0x00007ffb945f5000 	C:\Program Files\Java\jdk-17\bin\java.dll
0x00007ffb899b0000 - 0x00007ffb89a87000 	C:\Program Files\Java\jdk-17\bin\jsvml.dll
0x00007ffbae4b0000 - 0x00007ffbaebf4000 	C:\WINDOWS\System32\SHELL32.dll
0x00007ffbaae50000 - 0x00007ffbab5e3000 	C:\WINDOWS\SYSTEM32\windows.storage.dll
0x00007ffbaf310000 - 0x00007ffbaf664000 	C:\WINDOWS\System32\combase.dll
0x00007ffbac750000 - 0x00007ffbac77e000 	C:\WINDOWS\SYSTEM32\Wldp.dll
0x00007ffbaedd0000 - 0x00007ffbaee7d000 	C:\WINDOWS\System32\SHCORE.dll
0x00007ffbaf670000 - 0x00007ffbaf6c5000 	C:\WINDOWS\System32\shlwapi.dll
0x00007ffbacd20000 - 0x00007ffbacd45000 	C:\WINDOWS\SYSTEM32\profapi.dll
0x00007ffb949d0000 - 0x00007ffb949e8000 	C:\Program Files\Java\jdk-17\bin\zip.dll
0x00007ffb95fc0000 - 0x00007ffb95fd9000 	C:\Program Files\Java\jdk-17\bin\net.dll
0x00007ffba5420000 - 0x00007ffba552a000 	C:\WINDOWS\SYSTEM32\WINHTTP.dll
0x00007ffbac530000 - 0x00007ffbac59a000 	C:\WINDOWS\system32\mswsock.dll
0x00007ffb95920000 - 0x00007ffb95936000 	C:\Program Files\Java\jdk-17\bin\nio.dll
0x00007ffb937a0000 - 0x00007ffb937ba000 	C:\Program Files\JetBrains\IntelliJ IDEA 2023.1.3\bin\breakgen64.dll
0x00007ffbac230000 - 0x00007ffbac2fa000 	C:\WINDOWS\SYSTEM32\DNSAPI.dll
0x00007ffbac1f0000 - 0x00007ffbac22b000 	C:\WINDOWS\SYSTEM32\IPHLPAPI.DLL
0x00007ffbaf240000 - 0x00007ffbaf248000 	C:\WINDOWS\System32\NSI.dll
0x00007ffba2370000 - 0x00007ffba237a000 	C:\Windows\System32\rasadhlp.dll
0x00007ffba4e20000 - 0x00007ffba4ea2000 	C:\WINDOWS\System32\fwpuclnt.dll
0x00007ffbad5e0000 - 0x00007ffbad607000 	C:\WINDOWS\System32\bcrypt.dll
0x00007ffb94ca0000 - 0x00007ffb94caa000 	C:\Program Files\Java\jdk-17\bin\management.dll
0x00007ffb946f0000 - 0x00007ffb946fb000 	C:\Program Files\Java\jdk-17\bin\management_ext.dll
0x00007ffbac790000 - 0x00007ffbac7a8000 	C:\WINDOWS\SYSTEM32\CRYPTSP.dll
0x00007ffbabdf0000 - 0x00007ffbabe24000 	C:\WINDOWS\system32\rsaenh.dll
0x00007ffbacca0000 - 0x00007ffbaccce000 	C:\WINDOWS\SYSTEM32\USERENV.dll
0x00007ffbac6c0000 - 0x00007ffbac6cc000 	C:\WINDOWS\SYSTEM32\CRYPTBASE.dll
0x00007ffba60c0000 - 0x00007ffba60d7000 	C:\WINDOWS\SYSTEM32\dhcpcsvc6.DLL
0x00007ffba5fc0000 - 0x00007ffba5fdd000 	C:\WINDOWS\SYSTEM32\dhcpcsvc.DLL
0x00007ffb8e310000 - 0x00007ffb8e327000 	C:\WINDOWS\system32\napinsp.dll
0x00007ffb8e2f0000 - 0x00007ffb8e30b000 	C:\WINDOWS\system32\pnrpnsp.dll
0x00007ffba86e0000 - 0x00007ffba86fd000 	C:\WINDOWS\system32\NLAapi.dll
0x00007ffb8e240000 - 0x00007ffb8e255000 	C:\WINDOWS\system32\wshbth.dll
0x00007ffb8da80000 - 0x00007ffb8da92000 	C:\WINDOWS\System32\winrnr.dll
0x00007ffb937c0000 - 0x00007ffb937cd000 	C:\Program Files\Java\jdk-17\bin\sunmscapi.dll
0x00007ffbad610000 - 0x00007ffbad76e000 	C:\WINDOWS\System32\CRYPT32.dll
0x00007ffbac8a0000 - 0x00007ffbac8c8000 	C:\WINDOWS\SYSTEM32\ncrypt.dll
0x00007ffbac860000 - 0x00007ffbac89b000 	C:\WINDOWS\SYSTEM32\NTASN1.dll
0x00007ffb94d10000 - 0x00007ffb94d20000 	C:\Program Files\Java\jdk-17\bin\verify.dll

dbghelp: loaded successfully - version: 4.0.5 - missing functions: none
symbol engine: initialized successfully - sym options: 0x614 - pdb path: .;C:\Program Files\Java\jdk-17\bin;C:\WINDOWS\SYSTEM32;C:\WINDOWS\WinSxS\amd64_microsoft.windows.common-controls_6595b64144ccf1df_6.0.19041.1110_none_60b5254171f9507e;C:\Program Files\Java\jdk-17\bin\server;C:\Program Files\JetBrains\IntelliJ IDEA 2023.1.3\bin

VM Arguments:
jvm_args: -XX:TieredStopAtLevel=1 -Dspring.output.ansi.enabled=always -Dcom.sun.management.jmxremote -Dspring.jmx.enabled=true -Dspring.liveBeansView.mbeanDomain -Dspring.application.admin.enabled=true -Dmanagement.endpoints.jmx.exposure.include=* -javaagent:C:\Program Files\JetBrains\IntelliJ IDEA 2023.1.3\lib\idea_rt.jar=59565:C:\Program Files\JetBrains\IntelliJ IDEA 2023.1.3\bin -Dfile.encoding=UTF-8 
java_command: com.hieuph.todosmanagement.TodosManagementApplication
java_class_path (initial): D:\teaching\Java\Project-Intern\Back-End\TodosManagement\target\classes;C:\Users\phamh\.m2\repository\org\springframework\boot\spring-boot-starter-actuator\3.1.3\spring-boot-starter-actuator-3.1.3.jar;C:\Users\phamh\.m2\repository\org\springframework\boot\spring-boot-starter\3.1.3\spring-boot-starter-3.1.3.jar;C:\Users\phamh\.m2\repository\org\springframework\boot\spring-boot-starter-logging\3.1.3\spring-boot-starter-logging-3.1.3.jar;C:\Users\phamh\.m2\repository\ch\qos\logback\logback-classic\1.4.11\logback-classic-1.4.11.jar;C:\Users\phamh\.m2\repository\ch\qos\logback\logback-core\1.4.11\logback-core-1.4.11.jar;C:\Users\phamh\.m2\repository\org\apache\logging\log4j\log4j-to-slf4j\2.20.0\log4j-to-slf4j-2.20.0.jar;C:\Users\phamh\.m2\repository\org\apache\logging\log4j\log4j-api\2.20.0\log4j-api-2.20.0.jar;C:\Users\phamh\.m2\repository\org\slf4j\jul-to-slf4j\2.0.7\jul-to-slf4j-2.0.7.jar;C:\Users\phamh\.m2\repository\jakarta\annotation\jakarta.annotation-api\2.1.1\jakarta.annotation-api-2.1.1.jar;C:\Users\phamh\.m2\repository\org\yaml\snakeyaml\1.33\snakeyaml-1.33.jar;C:\Users\phamh\.m2\repository\org\springframework\boot\spring-boot-actuator-autoconfigure\3.1.3\spring-boot-actuator-autoconfigure-3.1.3.jar;C:\Users\phamh\.m2\repository\org\springframework\boot\spring-boot-actuator\3.1.3\spring-boot-actuator-3.1.3.jar;C:\Users\phamh\.m2\repository\com\fasterxml\jackson\datatype\jackson-datatype-jsr310\2.15.2\jackson-datatype-jsr310-2.15.2.jar;C:\Users\phamh\.m2\repository\io\micrometer\micrometer-observation\1.11.3\micrometer-observation-1.11.3.jar;C:\Users\phamh\.m2\repository\io\micrometer\micrometer-commons\1.11.3\micrometer-commons-1.11.3.jar;C:\Users\phamh\.m2\repository\io\micrometer\micrometer-core\1.11.3\micrometer-core-1.11.3.jar;C:\Users\phamh\.m2\repository\org\hdrhistogram\HdrHistogram\2.1.12\HdrHistogram-2.1.12.jar;C:\Users\phamh\.m2\repository\org\latencyutils\LatencyUtils\2.0.3\LatencyUtils-2.0.3.jar;C:\Users\phamh\.m2\repo
Launcher Type: SUN_STANDARD

[Global flags]
     intx CICompilerCount                          = 4                                         {product} {ergonomic}
     uint ConcGCThreads                            = 2                                         {product} {ergonomic}
     uint G1ConcRefinementThreads                  = 8                                         {product} {ergonomic}
   size_t G1HeapRegionSize                         = 1048576                                   {product} {ergonomic}
    uintx GCDrainStackTargetSize                   = 64                                        {product} {ergonomic}
   size_t InitialHeapSize                          = 134217728                                 {product} {ergonomic}
     bool ManagementServer                         = true                                      {product} {command line}
   size_t MarkStackSize                            = 4194304                                   {product} {ergonomic}
   size_t MaxHeapSize                              = 2116026368                                {product} {ergonomic}
   size_t MaxNewSize                               = 1268776960                                {product} {ergonomic}
   size_t MinHeapDeltaBytes                        = 1048576                                   {product} {ergonomic}
   size_t MinHeapSize                              = 8388608                                   {product} {ergonomic}
    uintx NonProfiledCodeHeapSize                  = 0                                      {pd product} {ergonomic}
     bool ProfileInterpreter                       = false                                  {pd product} {command line}
    uintx ProfiledCodeHeapSize                     = 0                                      {pd product} {ergonomic}
   size_t SoftMaxHeapSize                          = 2116026368                             {manageable} {ergonomic}
     intx TieredStopAtLevel                        = 1                                         {product} {command line}
     bool UseCompressedClassPointers               = true                           {product lp64_product} {ergonomic}
     bool UseCompressedOops                        = true                           {product lp64_product} {ergonomic}
     bool UseG1GC                                  = true                                      {product} {ergonomic}
     bool UseLargePagesIndividualAllocation        = false                                  {pd product} {ergonomic}

Logging:
Log output configuration:
 #0: stdout all=warning uptime,level,tags
 #1: stderr all=off uptime,level,tags

Environment Variables:
PATH=C:\Program Files\Common Files\Oracle\Java\javapath;C:\WINDOWS\system32;C:\WINDOWS;C:\WINDOWS\System32\Wbem;C:\WINDOWS\System32\WindowsPowerShell\v1.0\;C:\WINDOWS\System32\OpenSSH\;C:\Program Files\Java\jdk-17\bin;C:\Program Files\nodejs\;C:\Program Files\Git\cmd;C:\Program Files\dotnet\;C:\Program Files\Docker\Docker\resources\bin;C:\Users\phamh\AppData\Local\Microsoft\WindowsApps;;C:\Program Files\JetBrains\IntelliJ IDEA 2023.1.3\bin;;C:\Users\phamh\AppData\Local\Programs\Microsoft VS Code\bin;C:\Users\phamh\AppData\Roaming\npm
USERNAME=phamh
OS=Windows_NT
PROCESSOR_IDENTIFIER=Intel64 Family 6 Model 142 Stepping 12, GenuineIntel



---------------  S Y S T E M  ---------------

OS:
 Windows 10 , 64 bit Build 19041 (10.0.19041.3155)
OS uptime: 0 days 8:03 hours
Hyper-V role detected

CPU: total 8 (initial active 8) (4 cores per cpu, 2 threads per core) family 6 model 142 stepping 12 microcode 0xf4, cx8, cmov, fxsr, ht, mmx, 3dnowpref, sse, sse2, sse3, ssse3, sse4.1, sse4.2, popcnt, lzcnt, tsc, tscinvbit, avx, avx2, aes, erms, clmul, bmi1, bmi2, adx, fma, vzeroupper, clflush, clflushopt, hv

Memory: 4k page, system-wide physical 8067M (402M free)
TotalPageFile size 17795M (AvailPageFile size 9M)
current process WorkingSet (physical memory assigned to process): 218M, peak: 218M
current process commit charge ("private bytes"): 315M, peak: 321M

vm_info: Java HotSpot(TM) 64-Bit Server VM (17.0.7+8-LTS-224) for windows-amd64 JRE (17.0.7+8-LTS-224), built on Feb 28 2023 23:03:02 by "mach5one" with MS VC++ 17.1 (VS2022)

END.
